<?xml version="1.0" encoding="UTF-8"?>
<!-- Generated by org.testng.reporters.JUnitReportReporter -->
<testsuite hostname="VCCI-TECH-D122" failures="0" tests="1" name="Testcases.Login" time="4.149" errors="0" timestamp="2025-05-29T10:32:54 ICT" skipped="0">
  <testcase classname="Testcases.Login" name="TC01_Login" time="4.149"/>
</testsuite> <!-- Testcases.Login -->
